0 info it worked if it ends with ok
1 verbose cli [ '/home/chrx/Programs/node-v6.2.1-linux-x64/bin/node',
1 verbose cli   '/home/chrx/Programs/node-v6.2.1-linux-x64/bin/npm',
1 verbose cli   'start' ]
2 info using npm@3.9.3
3 info using node@v6.2.1
4 verbose run-script [ 'prestart', 'start', 'poststart' ]
5 info lifecycle secrethitlerserver@1.0.0~prestart: secrethitlerserver@1.0.0
6 silly lifecycle secrethitlerserver@1.0.0~prestart: no script for prestart, continuing
7 info lifecycle secrethitlerserver@1.0.0~start: secrethitlerserver@1.0.0
8 verbose lifecycle secrethitlerserver@1.0.0~start: unsafe-perm in lifecycle true
9 verbose lifecycle secrethitlerserver@1.0.0~start: PATH: /home/chrx/Programs/node-v6.2.1-linux-x64/lib/node_modules/npm/bin/node-gyp-bin:/home/chrx/SecretHitlerServer/node_modules/.bin:/home/chrx/Programs/node-v6.2.1-linux-x64/bin:/usr/local/sbin:/usr/local/bin:/usr/sbin:/usr/bin:/sbin:/bin:/usr/games:/usr/local/games:/home/chrx/Programs/android-studio/bin:/home/chrx/jdk1.8.0_91/bin:.:/home/chrx/Programs/node-v6.2.1-linux-x64/bin
10 verbose lifecycle secrethitlerserver@1.0.0~start: CWD: /home/chrx/SecretHitlerServer
11 silly lifecycle secrethitlerserver@1.0.0~start: Args: [ '-c', 'node index.js' ]
12 silly lifecycle secrethitlerserver@1.0.0~start: Returned: code: 1  signal: null
13 info lifecycle secrethitlerserver@1.0.0~start: Failed to exec start script
14 verbose stack Error: secrethitlerserver@1.0.0 start: `node index.js`
14 verbose stack Exit status 1
14 verbose stack     at EventEmitter.<anonymous> (/home/chrx/Programs/node-v6.2.1-linux-x64/lib/node_modules/npm/lib/utils/lifecycle.js:245:16)
14 verbose stack     at emitTwo (events.js:106:13)
14 verbose stack     at EventEmitter.emit (events.js:191:7)
14 verbose stack     at ChildProcess.<anonymous> (/home/chrx/Programs/node-v6.2.1-linux-x64/lib/node_modules/npm/lib/utils/spawn.js:24:14)
14 verbose stack     at emitTwo (events.js:106:13)
14 verbose stack     at ChildProcess.emit (events.js:191:7)
14 verbose stack     at maybeClose (internal/child_process.js:852:16)
14 verbose stack     at Process.ChildProcess._handle.onexit (internal/child_process.js:215:5)
15 verbose pkgid secrethitlerserver@1.0.0
16 verbose cwd /home/chrx/SecretHitlerServer
17 error Linux 4.1.14-galliumos
18 error argv "/home/chrx/Programs/node-v6.2.1-linux-x64/bin/node" "/home/chrx/Programs/node-v6.2.1-linux-x64/bin/npm" "start"
19 error node v6.2.1
20 error npm  v3.9.3
21 error code ELIFECYCLE
22 error secrethitlerserver@1.0.0 start: `node index.js`
22 error Exit status 1
23 error Failed at the secrethitlerserver@1.0.0 start script 'node index.js'.
23 error Make sure you have the latest version of node.js and npm installed.
23 error If you do, this is most likely a problem with the secrethitlerserver package,
23 error not with npm itself.
23 error Tell the author that this fails on your system:
23 error     node index.js
23 error You can get information on how to open an issue for this project with:
23 error     npm bugs secrethitlerserver
23 error Or if that isn't available, you can get their info via:
23 error     npm owner ls secrethitlerserver
23 error There is likely additional logging output above.
24 verbose exit [ 1, true ]
